[0823/155057.191:ERROR:process_info.cc(632)] range at 0x9891324c00000000, size 0x1bf fully unreadable
[0823/155057.208:ERROR:process_info.cc(632)] range at 0x989132ae00000000, size 0x1bf fully unreadable
[0823/155057.208:ERROR:process_info.cc(632)] range at 0x0, size 0x1bf fully unreadable
[0823/155057.419:ERROR:process_info.cc(380)] UncheckedAllocate
[0926/110517.990:ERROR:process_reader_win.cc(151)] SuspendThread: Access is denied. (0x5)
[0926/110518.112:ERROR:process_reader_win.cc(123)] NtOpenThread: {Access Denied} A process has requested access to an object, but has not been granted those access rights. (0xc0000022)
[0926/110518.121:ERROR:exception_snapshot_win.cc(88)] thread ID 9556 not found in process
[0926/220010.991:ERROR:process_reader_win.cc(151)] SuspendThread: Access is denied. (0x5)
[0926/220011.016:ERROR:process_reader_win.cc(151)] SuspendThread: Access is denied. (0x5)
[0926/220011.017:ERROR:process_reader_win.cc(151)] SuspendThread: Access is denied. (0x5)
[0926/220011.018:ERROR:process_reader_win.cc(123)] NtOpenThread: {Access Denied} A process has requested access to an object, but has not been granted those access rights. (0xc0000022)
[0926/220011.041:ERROR:exception_snapshot_win.cc(88)] thread ID 7148 not found in process
[1010/155440.013:ERROR:process_reader_win.cc(151)] SuspendThread: Access is denied. (0x5)
[1010/155440.300:ERROR:process_reader_win.cc(151)] SuspendThread: Access is denied. (0x5)
[1010/155440.300:ERROR:process_reader_win.cc(151)] SuspendThread: Access is denied. (0x5)
[1010/155440.300:ERROR:process_reader_win.cc(123)] NtOpenThread: {Access Denied} A process has requested access to an object, but has not been granted those access rights. (0xc0000022)
[1010/155440.408:ERROR:exception_snapshot_win.cc(88)] thread ID 30580 not found in process
[1017/095000.716:ERROR:process_reader_win.cc(151)] SuspendThread: Access is denied. (0x5)
[1017/095000.759:ERROR:process_reader_win.cc(151)] SuspendThread: Access is denied. (0x5)
[1017/095000.759:ERROR:process_reader_win.cc(151)] SuspendThread: Access is denied. (0x5)
[1017/095000.759:ERROR:process_reader_win.cc(123)] NtOpenThread: {Access Denied} A process has requested access to an object, but has not been granted those access rights. (0xc0000022)
[1017/095000.781:ERROR:exception_snapshot_win.cc(88)] thread ID 8644 not found in process
[1017/095000.760:ERROR:process_reader_win.cc(151)] SuspendThread: Access is denied. (0x5)
[1017/095000.817:ERROR:process_reader_win.cc(123)] NtOpenThread: {Access Denied} A process has requested access to an object, but has not been granted those access rights. (0xc0000022)
[1017/095000.836:ERROR:exception_snapshot_win.cc(88)] thread ID 8744 not found in process
[1022/125326.104:ERROR:process_reader_win.cc(151)] SuspendThread: Access is denied. (0x5)
[1022/125326.167:ERROR:process_reader_win.cc(123)] NtOpenThread: {Access Denied} A process has requested access to an object, but has not been granted those access rights. (0xc0000022)
[1022/125326.170:ERROR:exception_snapshot_win.cc(88)] thread ID 15092 not found in process
[1023/122314.063:ERROR:process_reader_win.cc(151)] SuspendThread: Access is denied. (0x5)
[1023/122314.140:ERROR:process_reader_win.cc(151)] SuspendThread: Access is denied. (0x5)
[1023/122314.149:ERROR:process_reader_win.cc(151)] SuspendThread: Access is denied. (0x5)
[1023/122314.211:ERROR:process_reader_win.cc(151)] SuspendThread: Access is denied. (0x5)
[1023/122314.211:ERROR:process_reader_win.cc(151)] SuspendThread: Access is denied. (0x5)
[1023/122314.140:ERROR:process_reader_win.cc(123)] NtOpenThread: {Access Denied} A process has requested access to an object, but has not been granted those access rights. (0xc0000022)
[1023/122314.215:ERROR:exception_snapshot_win.cc(88)] thread ID 5340 not found in process
[1023/122314.211:ERROR:process_reader_win.cc(123)] NtOpenThread: {Access Denied} A process has requested access to an object, but has not been granted those access rights. (0xc0000022)
[1023/122314.221:ERROR:exception_snapshot_win.cc(88)] thread ID 12820 not found in process
[1023/122315.021:ERROR:process_reader_win.cc(151)] SuspendThread: Access is denied. (0x5)
[1023/122315.049:ERROR:process_reader_win.cc(151)] SuspendThread: Access is denied. (0x5)
[1023/122315.050:ERROR:process_reader_win.cc(151)] SuspendThread: Access is denied. (0x5)
[1023/122315.050:ERROR:process_reader_win.cc(151)] SuspendThread: Access is denied. (0x5)
[1023/122315.050:ERROR:process_reader_win.cc(151)] SuspendThread: Access is denied. (0x5)
[1023/122315.050:ERROR:process_reader_win.cc(151)] SuspendThread: Access is denied. (0x5)
[1023/122315.050:ERROR:process_reader_win.cc(151)] SuspendThread: Access is denied. (0x5)
[1023/122315.051:ERROR:process_reader_win.cc(151)] SuspendThread: Access is denied. (0x5)
[1023/122315.051:ERROR:process_reader_win.cc(151)] SuspendThread: Access is denied. (0x5)
[1023/122315.051:ERROR:process_reader_win.cc(151)] SuspendThread: Access is denied. (0x5)
[1023/122315.051:ERROR:process_reader_win.cc(151)] SuspendThread: Access is denied. (0x5)
[1023/122315.051:ERROR:process_reader_win.cc(151)] SuspendThread: Access is denied. (0x5)
[1023/122315.051:ERROR:process_reader_win.cc(123)] NtOpenThread: {Access Denied} A process has requested access to an object, but has not been granted those access rights. (0xc0000022)
[1023/122315.054:ERROR:exception_snapshot_win.cc(88)] thread ID 2196 not found in process
[1025/190421.174:ERROR:process_reader_win.cc(151)] SuspendThread: Access is denied. (0x5)
[1025/190421.202:ERROR:process_reader_win.cc(151)] SuspendThread: Access is denied. (0x5)
[1025/190421.202:ERROR:process_reader_win.cc(151)] SuspendThread: Access is denied. (0x5)
[1025/190421.202:ERROR:process_reader_win.cc(123)] NtOpenThread: {Access Denied} A process has requested access to an object, but has not been granted those access rights. (0xc0000022)
[1025/190421.215:ERROR:exception_snapshot_win.cc(88)] thread ID 14804 not found in process
[1025/190421.197:ERROR:process_reader_win.cc(151)] SuspendThread: Access is denied. (0x5)
[1025/190421.216:ERROR:process_reader_win.cc(151)] SuspendThread: Access is denied. (0x5)
[1025/190421.217:ERROR:process_reader_win.cc(151)] SuspendThread: Access is denied. (0x5)
[1025/190421.219:ERROR:process_reader_win.cc(123)] NtOpenThread: {Access Denied} A process has requested access to an object, but has not been granted those access rights. (0xc0000022)
[1025/190421.227:ERROR:exception_snapshot_win.cc(88)] thread ID 20992 not found in process
[1025/190421.493:ERROR:process_reader_win.cc(151)] SuspendThread: Access is denied. (0x5)
[1025/190421.507:ERROR:process_reader_win.cc(151)] SuspendThread: Access is denied. (0x5)
[1025/190421.507:ERROR:process_reader_win.cc(151)] SuspendThread: Access is denied. (0x5)
[1025/190421.507:ERROR:process_reader_win.cc(151)] SuspendThread: Access is denied. (0x5)
[1025/190421.507:ERROR:process_reader_win.cc(151)] SuspendThread: Access is denied. (0x5)
[1025/190421.507:ERROR:process_reader_win.cc(151)] SuspendThread: Access is denied. (0x5)
[1025/190421.508:ERROR:process_reader_win.cc(151)] SuspendThread: Access is denied. (0x5)
[1025/190421.508:ERROR:process_reader_win.cc(151)] SuspendThread: Access is denied. (0x5)
[1025/190421.508:ERROR:process_reader_win.cc(151)] SuspendThread: Access is denied. (0x5)
[1025/190421.508:ERROR:process_reader_win.cc(151)] SuspendThread: Access is denied. (0x5)
[1025/190421.508:ERROR:process_reader_win.cc(151)] SuspendThread: Access is denied. (0x5)
[1025/190421.508:ERROR:process_reader_win.cc(151)] SuspendThread: Access is denied. (0x5)
[1025/190421.508:ERROR:process_reader_win.cc(151)] SuspendThread: Access is denied. (0x5)
[1025/190421.508:ERROR:process_reader_win.cc(151)] SuspendThread: Access is denied. (0x5)
[1025/190421.508:ERROR:process_reader_win.cc(151)] SuspendThread: Access is denied. (0x5)
[1025/190421.508:ERROR:process_reader_win.cc(123)] NtOpenThread: {Access Denied} A process has requested access to an object, but has not been granted those access rights. (0xc0000022)
[1025/190421.510:ERROR:exception_snapshot_win.cc(88)] thread ID 22732 not found in process
[1025/190421.516:ERROR:process_reader_win.cc(151)] SuspendThread: Access is denied. (0x5)
[1025/190421.547:ERROR:process_reader_win.cc(151)] SuspendThread: Access is denied. (0x5)
[1025/190421.547:ERROR:process_reader_win.cc(151)] SuspendThread: Access is denied. (0x5)
[1025/190421.547:ERROR:process_reader_win.cc(151)] SuspendThread: Access is denied. (0x5)
[1025/190421.547:ERROR:process_reader_win.cc(151)] SuspendThread: Access is denied. (0x5)
[1025/190421.547:ERROR:process_reader_win.cc(151)] SuspendThread: Access is denied. (0x5)
[1025/190421.547:ERROR:process_reader_win.cc(151)] SuspendThread: Access is denied. (0x5)
[1025/190421.547:ERROR:process_reader_win.cc(151)] SuspendThread: Access is denied. (0x5)
[1025/190421.548:ERROR:process_reader_win.cc(151)] SuspendThread: Access is denied. (0x5)
[1025/190421.548:ERROR:process_reader_win.cc(151)] SuspendThread: Access is denied. (0x5)
[1025/190421.548:ERROR:process_reader_win.cc(151)] SuspendThread: Access is denied. (0x5)
[1025/190421.548:ERROR:process_reader_win.cc(151)] SuspendThread: Access is denied. (0x5)
[1025/190421.548:ERROR:process_reader_win.cc(151)] SuspendThread: Access is denied. (0x5)
[1025/190421.548:ERROR:process_reader_win.cc(123)] NtOpenThread: {Access Denied} A process has requested access to an object, but has not been granted those access rights. (0xc0000022)
[1025/190421.549:ERROR:exception_snapshot_win.cc(88)] thread ID 24188 not found in process
[1025/190421.556:ERROR:process_reader_win.cc(151)] SuspendThread: Access is denied. (0x5)
[1025/190421.575:ERROR:process_reader_win.cc(151)] SuspendThread: Access is denied. (0x5)
[1025/190421.575:ERROR:process_reader_win.cc(151)] SuspendThread: Access is denied. (0x5)
[1025/190421.575:ERROR:process_reader_win.cc(151)] SuspendThread: Access is denied. (0x5)
[1025/190421.575:ERROR:process_reader_win.cc(151)] SuspendThread: Access is denied. (0x5)
[1025/190421.575:ERROR:process_reader_win.cc(151)] SuspendThread: Access is denied. (0x5)
[1025/190421.575:ERROR:process_reader_win.cc(151)] SuspendThread: Access is denied. (0x5)
[1025/190421.576:ERROR:process_reader_win.cc(151)] SuspendThread: Access is denied. (0x5)
[1025/190421.576:ERROR:process_reader_win.cc(151)] SuspendThread: Access is denied. (0x5)
[1025/190421.576:ERROR:process_reader_win.cc(151)] SuspendThread: Access is denied. (0x5)
[1025/190421.576:ERROR:process_reader_win.cc(151)] SuspendThread: Access is denied. (0x5)
[1025/190421.576:ERROR:process_reader_win.cc(151)] SuspendThread: Access is denied. (0x5)
[1025/190421.576:ERROR:process_reader_win.cc(151)] SuspendThread: Access is denied. (0x5)
[1025/190421.577:ERROR:process_reader_win.cc(151)] SuspendThread: Access is denied. (0x5)
[1025/190421.577:ERROR:process_reader_win.cc(151)] SuspendThread: Access is denied. (0x5)
[1025/190421.542:ERROR:process_reader_win.cc(151)] SuspendThread: Access is denied. (0x5)
[1025/190421.581:ERROR:process_reader_win.cc(151)] SuspendThread: Access is denied. (0x5)
[1025/190421.582:ERROR:process_reader_win.cc(151)] SuspendThread: Access is denied. (0x5)
[1025/190421.582:ERROR:process_reader_win.cc(151)] SuspendThread: Access is denied. (0x5)
[1025/190421.582:ERROR:process_reader_win.cc(151)] SuspendThread: Access is denied. (0x5)
[1025/190421.582:ERROR:process_reader_win.cc(151)] SuspendThread: Access is denied. (0x5)
[1025/190421.582:ERROR:process_reader_win.cc(151)] SuspendThread: Access is denied. (0x5)
[1025/190421.582:ERROR:process_reader_win.cc(151)] SuspendThread: Access is denied. (0x5)
[1025/190421.582:ERROR:process_reader_win.cc(151)] SuspendThread: Access is denied. (0x5)
[1025/190421.582:ERROR:process_reader_win.cc(151)] SuspendThread: Access is denied. (0x5)
[1025/190421.582:ERROR:process_reader_win.cc(151)] SuspendThread: Access is denied. (0x5)
[1025/190421.582:ERROR:process_reader_win.cc(151)] SuspendThread: Access is denied. (0x5)
[1025/190421.583:ERROR:process_reader_win.cc(151)] SuspendThread: Access is denied. (0x5)
[1025/190421.583:ERROR:process_reader_win.cc(123)] NtOpenThread: {Access Denied} A process has requested access to an object, but has not been granted those access rights. (0xc0000022)
[1025/190421.584:ERROR:exception_snapshot_win.cc(88)] thread ID 29308 not found in process
[1025/190421.577:ERROR:process_reader_win.cc(123)] NtOpenThread: {Access Denied} A process has requested access to an object, but has not been granted those access rights. (0xc0000022)
[1025/190421.622:ERROR:exception_snapshot_win.cc(88)] thread ID 11976 not found in process
[1025/190421.920:ERROR:process_reader_win.cc(151)] SuspendThread: Access is denied. (0x5)
[1025/190421.935:ERROR:process_reader_win.cc(151)] SuspendThread: Access is denied. (0x5)
[1025/190421.936:ERROR:process_reader_win.cc(151)] SuspendThread: Access is denied. (0x5)
[1025/190421.936:ERROR:process_reader_win.cc(151)] SuspendThread: Access is denied. (0x5)
[1025/190421.936:ERROR:process_reader_win.cc(151)] SuspendThread: Access is denied. (0x5)
[1025/190421.936:ERROR:process_reader_win.cc(151)] SuspendThread: Access is denied. (0x5)
[1025/190421.936:ERROR:process_reader_win.cc(151)] SuspendThread: Access is denied. (0x5)
[1025/190421.936:ERROR:process_reader_win.cc(151)] SuspendThread: Access is denied. (0x5)
[1025/190421.936:ERROR:process_reader_win.cc(151)] SuspendThread: Access is denied. (0x5)
[1025/190421.936:ERROR:process_reader_win.cc(151)] SuspendThread: Access is denied. (0x5)
[1025/190421.922:ERROR:process_reader_win.cc(151)] SuspendThread: Access is denied. (0x5)
[1025/190421.936:ERROR:process_reader_win.cc(151)] SuspendThread: Access is denied. (0x5)
[1025/190421.936:ERROR:process_reader_win.cc(151)] SuspendThread: Access is denied. (0x5)
[1025/190421.936:ERROR:process_reader_win.cc(151)] SuspendThread: Access is denied. (0x5)
[1025/190421.936:ERROR:process_reader_win.cc(151)] SuspendThread: Access is denied. (0x5)
[1025/190421.936:ERROR:process_reader_win.cc(151)] SuspendThread: Access is denied. (0x5)
[1025/190421.937:ERROR:process_reader_win.cc(151)] SuspendThread: Access is denied. (0x5)
[1025/190421.937:ERROR:process_reader_win.cc(151)] SuspendThread: Access is denied. (0x5)
[1025/190421.937:ERROR:process_reader_win.cc(151)] SuspendThread: Access is denied. (0x5)
[1025/190421.937:ERROR:process_reader_win.cc(151)] SuspendThread: Access is denied. (0x5)
[1025/190421.937:ERROR:process_reader_win.cc(151)] SuspendThread: Access is denied. (0x5)
[1025/190421.937:ERROR:process_reader_win.cc(151)] SuspendThread: Access is denied. (0x5)
[1025/190421.937:ERROR:process_reader_win.cc(151)] SuspendThread: Access is denied. (0x5)
[1025/190421.937:ERROR:process_reader_win.cc(151)] SuspendThread: Access is denied. (0x5)
[1025/190421.937:ERROR:process_reader_win.cc(151)] SuspendThread: Access is denied. (0x5)
[1025/190421.937:ERROR:process_reader_win.cc(151)] SuspendThread: Access is denied. (0x5)
[1025/190421.937:ERROR:process_reader_win.cc(151)] SuspendThread: Access is denied. (0x5)
[1025/190421.937:ERROR:process_reader_win.cc(151)] SuspendThread: Access is denied. (0x5)
[1025/190421.937:ERROR:process_reader_win.cc(151)] SuspendThread: Access is denied. (0x5)
[1025/190421.938:ERROR:process_reader_win.cc(151)] SuspendThread: Access is denied. (0x5)
[1025/190421.938:ERROR:process_reader_win.cc(151)] SuspendThread: Access is denied. (0x5)
[1025/190421.938:ERROR:process_reader_win.cc(151)] SuspendThread: Access is denied. (0x5)
[1025/190421.938:ERROR:process_reader_win.cc(151)] SuspendThread: Access is denied. (0x5)
[1025/190421.938:ERROR:process_reader_win.cc(151)] SuspendThread: Access is denied. (0x5)
[1025/190421.938:ERROR:process_reader_win.cc(151)] SuspendThread: Access is denied. (0x5)
[1025/190421.938:ERROR:process_reader_win.cc(151)] SuspendThread: Access is denied. (0x5)
[1025/190421.938:ERROR:process_reader_win.cc(123)] NtOpenThread: {Access Denied} A process has requested access to an object, but has not been granted those access rights. (0xc0000022)
[1025/190421.940:ERROR:exception_snapshot_win.cc(88)] thread ID 2268 not found in process
[1025/190421.938:ERROR:process_reader_win.cc(123)] NtOpenThread: {Access Denied} A process has requested access to an object, but has not been granted those access rights. (0xc0000022)
[1025/190421.940:ERROR:exception_snapshot_win.cc(88)] thread ID 19076 not found in process
[1025/190421.920:ERROR:process_reader_win.cc(151)] SuspendThread: Access is denied. (0x5)
[1025/190421.943:ERROR:process_reader_win.cc(151)] SuspendThread: Access is denied. (0x5)
[1025/190421.944:ERROR:process_reader_win.cc(151)] SuspendThread: Access is denied. (0x5)
[1025/190421.944:ERROR:process_reader_win.cc(151)] SuspendThread: Access is denied. (0x5)
[1025/190421.944:ERROR:process_reader_win.cc(151)] SuspendThread: Access is denied. (0x5)
[1025/190421.944:ERROR:process_reader_win.cc(151)] SuspendThread: Access is denied. (0x5)
[1025/190421.944:ERROR:process_reader_win.cc(151)] SuspendThread: Access is denied. (0x5)
[1025/190421.944:ERROR:process_reader_win.cc(151)] SuspendThread: Access is denied. (0x5)
[1025/190421.944:ERROR:process_reader_win.cc(151)] SuspendThread: Access is denied. (0x5)
[1025/190421.944:ERROR:process_reader_win.cc(151)] SuspendThread: Access is denied. (0x5)
[1025/190421.944:ERROR:process_reader_win.cc(151)] SuspendThread: Access is denied. (0x5)
[1025/190421.944:ERROR:process_reader_win.cc(151)] SuspendThread: Access is denied. (0x5)
[1025/190421.944:ERROR:process_reader_win.cc(151)] SuspendThread: Access is denied. (0x5)
[1025/190421.945:ERROR:process_reader_win.cc(151)] SuspendThread: Access is denied. (0x5)
[1025/190421.945:ERROR:process_reader_win.cc(151)] SuspendThread: Access is denied. (0x5)
[1025/190421.945:ERROR:process_reader_win.cc(151)] SuspendThread: Access is denied. (0x5)
[1025/190421.945:ERROR:process_reader_win.cc(151)] SuspendThread: Access is denied. (0x5)
[1025/190421.945:ERROR:process_reader_win.cc(123)] NtOpenThread: {Access Denied} A process has requested access to an object, but has not been granted those access rights. (0xc0000022)
[1025/190421.946:ERROR:exception_snapshot_win.cc(88)] thread ID 13132 not found in process
[1025/190421.920:ERROR:process_reader_win.cc(151)] SuspendThread: Access is denied. (0x5)
[1025/190421.949:ERROR:process_reader_win.cc(151)] SuspendThread: Access is denied. (0x5)
[1025/190421.949:ERROR:process_reader_win.cc(151)] SuspendThread: Access is denied. (0x5)
[1025/190421.949:ERROR:process_reader_win.cc(151)] SuspendThread: Access is denied. (0x5)
[1025/190421.949:ERROR:process_reader_win.cc(151)] SuspendThread: Access is denied. (0x5)
[1025/190421.949:ERROR:process_reader_win.cc(151)] SuspendThread: Access is denied. (0x5)
[1025/190421.949:ERROR:process_reader_win.cc(151)] SuspendThread: Access is denied. (0x5)
[1025/190421.949:ERROR:process_reader_win.cc(151)] SuspendThread: Access is denied. (0x5)
[1025/190421.949:ERROR:process_reader_win.cc(151)] SuspendThread: Access is denied. (0x5)
[1025/190421.950:ERROR:process_reader_win.cc(151)] SuspendThread: Access is denied. (0x5)
[1025/190421.950:ERROR:process_reader_win.cc(151)] SuspendThread: Access is denied. (0x5)
[1025/190421.950:ERROR:process_reader_win.cc(151)] SuspendThread: Access is denied. (0x5)
[1025/190421.950:ERROR:process_reader_win.cc(151)] SuspendThread: Access is denied. (0x5)
[1025/190421.921:ERROR:process_reader_win.cc(151)] SuspendThread: Access is denied. (0x5)
[1025/190421.950:ERROR:process_reader_win.cc(151)] SuspendThread: Access is denied. (0x5)
[1025/190421.950:ERROR:process_reader_win.cc(151)] SuspendThread: Access is denied. (0x5)
[1025/190421.950:ERROR:process_reader_win.cc(151)] SuspendThread: Access is denied. (0x5)
[1025/190421.950:ERROR:process_reader_win.cc(151)] SuspendThread: Access is denied. (0x5)
[1025/190421.950:ERROR:process_reader_win.cc(151)] SuspendThread: Access is denied. (0x5)
[1025/190421.950:ERROR:process_reader_win.cc(151)] SuspendThread: Access is denied. (0x5)
[1025/190421.950:ERROR:process_reader_win.cc(151)] SuspendThread: Access is denied. (0x5)
[1025/190421.950:ERROR:process_reader_win.cc(151)] SuspendThread: Access is denied. (0x5)
[1025/190421.950:ERROR:process_reader_win.cc(151)] SuspendThread: Access is denied. (0x5)
[1025/190421.950:ERROR:process_reader_win.cc(151)] SuspendThread: Access is denied. (0x5)
[1025/190421.951:ERROR:process_reader_win.cc(151)] SuspendThread: Access is denied. (0x5)
[1025/190421.951:ERROR:process_reader_win.cc(151)] SuspendThread: Access is denied. (0x5)
[1025/190421.951:ERROR:process_reader_win.cc(151)] SuspendThread: Access is denied. (0x5)
[1025/190421.951:ERROR:process_reader_win.cc(151)] SuspendThread: Access is denied. (0x5)
[1025/190421.951:ERROR:process_reader_win.cc(151)] SuspendThread: Access is denied. (0x5)
[1025/190421.951:ERROR:process_reader_win.cc(151)] SuspendThread: Access is denied. (0x5)
[1025/190421.951:ERROR:process_reader_win.cc(151)] SuspendThread: Access is denied. (0x5)
[1025/190421.951:ERROR:process_reader_win.cc(151)] SuspendThread: Access is denied. (0x5)
[1025/190421.952:ERROR:process_reader_win.cc(151)] SuspendThread: Access is denied. (0x5)
[1025/190421.952:ERROR:process_reader_win.cc(151)] SuspendThread: Access is denied. (0x5)
[1025/190421.950:ERROR:process_reader_win.cc(123)] NtOpenThread: {Access Denied} A process has requested access to an object, but has not been granted those access rights. (0xc0000022)
[1025/190421.952:ERROR:exception_snapshot_win.cc(88)] thread ID 33820 not found in process
[1025/190421.952:ERROR:process_reader_win.cc(123)] NtOpenThread: {Access Denied} A process has requested access to an object, but has not been granted those access rights. (0xc0000022)
[1025/190421.953:ERROR:exception_snapshot_win.cc(88)] thread ID 12944 not found in process
[0218/104140.672:ERROR:crash_report_database_win.cc(558)] GetFileAttributes C:\Users\MOHDSA~1.KHA\AppData\Local\Temp\scoped_dir28272_19159\Crashpad: The system cannot find the file specified. (0x2)
[0219/104314.623:ERROR:crash_report_database_win.cc(558)] GetFileAttributes C:\Users\naganand.gn\AppData\Local\Temp\scoped_dir19928_8053\Crashpad: The system cannot find the file specified. (0x2)
[0219/151344.432:ERROR:crash_report_database_win.cc(558)] GetFileAttributes C:\Users\naganand.gn\AppData\Local\Temp\scoped_dir2216_12138\Crashpad: The system cannot find the file specified. (0x2)
[0219/151454.242:ERROR:crash_report_database_win.cc(558)] GetFileAttributes C:\Users\naganand.gn\AppData\Local\Temp\scoped_dir20092_24504\Crashpad: The system cannot find the file specified. (0x2)
[0220/120416.485:ERROR:crash_report_database_win.cc(558)] GetFileAttributes C:\Users\naganand.gn\AppData\Local\Temp\scoped_dir10764_21142\Crashpad: The system cannot find the file specified. (0x2)
[0220/120941.526:ERROR:crash_report_database_win.cc(558)] GetFileAttributes C:\Users\naganand.gn\AppData\Local\Temp\scoped_dir17536_28751\Crashpad: The system cannot find the file specified. (0x2)
[0305/130126.310:ERROR:crash_report_database_win.cc(558)] GetFileAttributes C:\Users\naganand.gn\AppData\Local\Temp\scoped_dir16132_28631\Crashpad: The system cannot find the file specified. (0x2)
[0311/122720.570:ERROR:crash_report_database_win.cc(558)] GetFileAttributes C:\Users\naganand.gn\AppData\Local\Temp\scoped_dir9404_13712\Crashpad: The system cannot find the file specified. (0x2)
[0311/123021.912:ERROR:crash_report_database_win.cc(558)] GetFileAttributes C:\Users\naganand.gn\AppData\Local\Temp\scoped_dir23504_9364\Crashpad: The system cannot find the file specified. (0x2)
[0415/133622.249:ERROR:crash_report_database_win.cc(558)] GetFileAttributes C:\Users\naganand.gn\AppData\Local\Temp\scoped_dir16960_11861\Crashpad: The system cannot find the file specified. (0x2)
[0420/175537.198:ERROR:crash_report_database_win.cc(558)] GetFileAttributes C:\Users\naganand.gn\AppData\Local\Temp\scoped_dir17168_15402\Crashpad: The system cannot find the file specified. (0x2)
[0807/192803.743:ERROR:filesystem_win.cc(148)] DeleteFile C:\Users\MOHDSA~1.KHA\AppData\Local\Temp\scoped_dir27964_13658\Crashpad\reports\c752e845-deea-4062-a9d2-880314953233.dmp: The process cannot access the file because it is being used by another process. (0x20)
[1105/113519.418:ERROR:directory_reader_win.cc(43)] FindFirstFile: The system cannot find the path specified. (0x3)
[1105/114646.741:ERROR:directory_reader_win.cc(43)] FindFirstFile: The system cannot find the path specified. (0x3)
[1105/131142.950:ERROR:directory_reader_win.cc(43)] FindFirstFile: The system cannot find the path specified. (0x3)
[1105/132911.175:ERROR:directory_reader_win.cc(43)] FindFirstFile: The system cannot find the path specified. (0x3)
[1105/135824.343:ERROR:directory_reader_win.cc(43)] FindFirstFile: The system cannot find the path specified. (0x3)
[1105/142147.926:ERROR:directory_reader_win.cc(43)] FindFirstFile: The system cannot find the path specified. (0x3)
[1105/144429.185:ERROR:directory_reader_win.cc(43)] FindFirstFile: The system cannot find the path specified. (0x3)
[1105/150337.746:ERROR:directory_reader_win.cc(43)] FindFirstFile: The system cannot find the path specified. (0x3)
[1105/150817.009:ERROR:directory_reader_win.cc(43)] FindFirstFile: The system cannot find the path specified. (0x3)
[1105/153528.811:ERROR:directory_reader_win.cc(43)] FindFirstFile: The system cannot find the path specified. (0x3)
[1105/155016.712:ERROR:directory_reader_win.cc(43)] FindFirstFile: The system cannot find the path specified. (0x3)
[1105/172859.160:ERROR:directory_reader_win.cc(43)] FindFirstFile: The system cannot find the path specified. (0x3)
[1110/113710.473:ERROR:directory_reader_win.cc(43)] FindFirstFile: The system cannot find the path specified. (0x3)
[1110/115357.532:ERROR:directory_reader_win.cc(43)] FindFirstFile: The system cannot find the path specified. (0x3)
[1110/121759.498:ERROR:directory_reader_win.cc(43)] FindFirstFile: The system cannot find the path specified. (0x3)
[1110/124204.966:ERROR:directory_reader_win.cc(43)] FindFirstFile: The system cannot find the path specified. (0x3)
[1110/130548.794:ERROR:directory_reader_win.cc(43)] FindFirstFile: The system cannot find the path specified. (0x3)
[1118/111346.412:ERROR:directory_reader_win.cc(43)] FindFirstFile: The system cannot find the path specified. (0x3)
[1118/112446.949:ERROR:directory_reader_win.cc(43)] FindFirstFile: The system cannot find the path specified. (0x3)
[1118/115050.742:ERROR:directory_reader_win.cc(43)] FindFirstFile: The system cannot find the path specified. (0x3)
[1118/132011.279:ERROR:directory_reader_win.cc(43)] FindFirstFile: The system cannot find the path specified. (0x3)
[1118/132056.163:ERROR:directory_reader_win.cc(43)] FindFirstFile: The system cannot find the path specified. (0x3)
[1119/103250.512:ERROR:directory_reader_win.cc(43)] FindFirstFile: The system cannot find the path specified. (0x3)
[1120/160303.683:ERROR:directory_reader_win.cc(43)] FindFirstFile: The system cannot find the path specified. (0x3)
[1127/103827.456:ERROR:directory_reader_win.cc(43)] FindFirstFile: The system cannot find the path specified. (0x3)
[1218/170749.453:ERROR:directory_reader_win.cc(43)] FindFirstFile: The system cannot find the path specified. (0x3)
[1218/172014.702:ERROR:directory_reader_win.cc(43)] FindFirstFile: The system cannot find the path specified. (0x3)
[1223/120212.037:ERROR:directory_reader_win.cc(43)] FindFirstFile: The system cannot find the path specified. (0x3)
[1223/143722.571:ERROR:directory_reader_win.cc(43)] FindFirstFile: The system cannot find the path specified. (0x3)
[1223/144824.940:ERROR:directory_reader_win.cc(43)] FindFirstFile: The system cannot find the path specified. (0x3)
[1223/152715.108:ERROR:directory_reader_win.cc(43)] FindFirstFile: The system cannot find the path specified. (0x3)
[1223/154014.921:ERROR:directory_reader_win.cc(43)] FindFirstFile: The system cannot find the path specified. (0x3)
[1223/162718.948:ERROR:directory_reader_win.cc(43)] FindFirstFile: The system cannot find the path specified. (0x3)
[1223/182020.095:ERROR:directory_reader_win.cc(43)] FindFirstFile: The system cannot find the path specified. (0x3)
[1223/185600.203:ERROR:directory_reader_win.cc(43)] FindFirstFile: The system cannot find the path specified. (0x3)
[1224/121946.352:ERROR:directory_reader_win.cc(43)] FindFirstFile: The system cannot find the path specified. (0x3)
[1230/113901.232:ERROR:directory_reader_win.cc(43)] FindFirstFile: The system cannot find the path specified. (0x3)
[1230/120903.688:ERROR:directory_reader_win.cc(43)] FindFirstFile: The system cannot find the path specified. (0x3)
[1230/125326.606:ERROR:directory_reader_win.cc(43)] FindFirstFile: The system cannot find the path specified. (0x3)
[1230/130426.056:ERROR:directory_reader_win.cc(43)] FindFirstFile: The system cannot find the path specified. (0x3)
[1230/140432.484:ERROR:directory_reader_win.cc(43)] FindFirstFile: The system cannot find the path specified. (0x3)
[0119/191017.977:ERROR:directory_reader_win.cc(43)] FindFirstFile: The system cannot find the path specified. (0x3)
[0119/194226.471:ERROR:directory_reader_win.cc(43)] FindFirstFile: The system cannot find the path specified. (0x3)
[0119/200211.279:ERROR:directory_reader_win.cc(43)] FindFirstFile: The system cannot find the path specified. (0x3)
[0119/201407.802:ERROR:directory_reader_win.cc(43)] FindFirstFile: The system cannot find the path specified. (0x3)
[0120/111832.006:ERROR:directory_reader_win.cc(43)] FindFirstFile: The system cannot find the path specified. (0x3)
[0120/114252.940:ERROR:directory_reader_win.cc(43)] FindFirstFile: The system cannot find the path specified. (0x3)
